Symbol range map extraction starting
Processing 90 files
startProcessing "net/theexceptionist/coherentvillages/entity/EntityMerchantGuard.java" md5: f14444b798c0c9090107831e517daff2
Cache Hit!
endProcessing "net/theexceptionist/coherentvillages/entity/EntityMerchantGuard.java"

startProcessing "net/theexceptionist/coherentvillages/entity/EntityVillagerAlchemist.java" md5: 3fe918c271fcdd41d9efc341e0b635fe
Cache Hit!
endProcessing "net/theexceptionist/coherentvillages/entity/EntityVillagerAlchemist.java"

startProcessing "net/theexceptionist/coherentvillages/entity/EntityVillagerArcher.java" md5: 4ea6fab357d0bd6693bfe00333dfbd9f
Cache Hit!
endProcessing "net/theexceptionist/coherentvillages/entity/EntityVillagerArcher.java"

startProcessing "net/theexceptionist/coherentvillages/entity/EntityVillagerArrow.java" md5: 65c1c56e9981baad6792a856f7a08142
Cache Hit!
endProcessing "net/theexceptionist/coherentvillages/entity/EntityVillagerArrow.java"

startProcessing "net/theexceptionist/coherentvillages/entity/EntityVillagerCreeperHunter.java" md5: 72ddc028da93cda2ff1c456b7e01d0db
Cache Hit!
endProcessing "net/theexceptionist/coherentvillages/entity/EntityVillagerCreeperHunter.java"

startProcessing "net/theexceptionist/coherentvillages/entity/EntityVillagerEvilMage.java" md5: 6f15f3f9bfc8afb2eea90f74608681c7
Cache Hit!
endProcessing "net/theexceptionist/coherentvillages/entity/EntityVillagerEvilMage.java"

startProcessing "net/theexceptionist/coherentvillages/entity/EntityVillagerGuardian.java" md5: 4be600a1b35f8dc7c98c0052f8e6597c
Cache Hit!
endProcessing "net/theexceptionist/coherentvillages/entity/EntityVillagerGuardian.java"

startProcessing "net/theexceptionist/coherentvillages/entity/EntityVillagerHorse.java" md5: a7b75cc5697911c90ee0982be3e9b656
Cache Hit!
endProcessing "net/theexceptionist/coherentvillages/entity/EntityVillagerHorse.java"

startProcessing "net/theexceptionist/coherentvillages/entity/EntityVillagerHunter.java" md5: 78cad23320a9fbaba16f98f2252117ab
Cache Hit!
endProcessing "net/theexceptionist/coherentvillages/entity/EntityVillagerHunter.java"

startProcessing "net/theexceptionist/coherentvillages/entity/EntityVillagerKnight.java" md5: 120405e690f0947e7e8fb618c7d88f68
Cache Hit!
endProcessing "net/theexceptionist/coherentvillages/entity/EntityVillagerKnight.java"

startProcessing "net/theexceptionist/coherentvillages/entity/EntityVillagerLighting.java" md5: bdf3ab2d83dfe38e56a730ea1e6adb08
Cache Hit!
endProcessing "net/theexceptionist/coherentvillages/entity/EntityVillagerLighting.java"

startProcessing "net/theexceptionist/coherentvillages/entity/EntityVillagerMage.java" md5: 16158febfddc7c3a455303e0e61b66e7
Cache Hit!
endProcessing "net/theexceptionist/coherentvillages/entity/EntityVillagerMage.java"

startProcessing "net/theexceptionist/coherentvillages/entity/EntityVillagerMerchant.java" md5: 795af909aa473e9ea618542b2ad1063f
Cache Hit!
endProcessing "net/theexceptionist/coherentvillages/entity/EntityVillagerMerchant.java"

startProcessing "net/theexceptionist/coherentvillages/entity/RenderMerchantGuard.java" md5: e3833dae76787bad3644408084d6d3e1
Cache Hit!
endProcessing "net/theexceptionist/coherentvillages/entity/RenderMerchantGuard.java"

startProcessing "net/theexceptionist/coherentvillages/entity/RenderVillagerAlchemist.java" md5: 61c39b524875286a46bf5833197d829b
Cache Hit!
endProcessing "net/theexceptionist/coherentvillages/entity/RenderVillagerAlchemist.java"

startProcessing "net/theexceptionist/coherentvillages/entity/RenderVillagerArcher.java" md5: 17b7ba2543129c1ee84eec3129f623c3
Cache Hit!
endProcessing "net/theexceptionist/coherentvillages/entity/RenderVillagerArcher.java"

startProcessing "net/theexceptionist/coherentvillages/entity/RenderVillagerArrow.java" md5: d78577739e583341de252bbb64554125
Cache Hit!
endProcessing "net/theexceptionist/coherentvillages/entity/RenderVillagerArrow.java"

startProcessing "net/theexceptionist/coherentvillages/entity/RenderVillagerCreeperHunter.java" md5: 2ad016506a7e8e53c88a01f093d47143
Cache Hit!
endProcessing "net/theexceptionist/coherentvillages/entity/RenderVillagerCreeperHunter.java"

startProcessing "net/theexceptionist/coherentvillages/entity/RenderVillagerEvilMage.java" md5: ed6f6ce2922464645d8857f4de8c14ca
Cache Hit!
endProcessing "net/theexceptionist/coherentvillages/entity/RenderVillagerEvilMage.java"

startProcessing "net/theexceptionist/coherentvillages/entity/RenderVillagerGuardian.java" md5: 1ef9ffc269a6f465e5fa67e173e7933e
Cache Hit!
endProcessing "net/theexceptionist/coherentvillages/entity/RenderVillagerGuardian.java"

startProcessing "net/theexceptionist/coherentvillages/entity/RenderVillagerHorse.java" md5: 0a0fb0b63bd84c155317e6c2058bf3b7
Cache Hit!
endProcessing "net/theexceptionist/coherentvillages/entity/RenderVillagerHorse.java"

startProcessing "net/theexceptionist/coherentvillages/entity/RenderVillagerHunter.java" md5: 3baab496dc7075b0855f349f58bd40a1
Cache Hit!
endProcessing "net/theexceptionist/coherentvillages/entity/RenderVillagerHunter.java"

startProcessing "net/theexceptionist/coherentvillages/entity/RenderVillagerKnight.java" md5: bfce0f8eb829673fa57ded31fd4363a5
Cache Hit!
endProcessing "net/theexceptionist/coherentvillages/entity/RenderVillagerKnight.java"

startProcessing "net/theexceptionist/coherentvillages/entity/RenderVillagerMage.java" md5: 6a63e879ae4bb4c16d7492ecf1a18ed9
Cache Hit!
endProcessing "net/theexceptionist/coherentvillages/entity/RenderVillagerMage.java"

startProcessing "net/theexceptionist/coherentvillages/entity/RenderVillagerMerchant.java" md5: c69d409985b3e4068f6d1da719934f1b
Cache Hit!
endProcessing "net/theexceptionist/coherentvillages/entity/RenderVillagerMerchant.java"

startProcessing "net/theexceptionist/coherentvillages/entity/ai/EntityAIAttackBackExclude.java" md5: 3843e5a3c1ae7ab1b792e73c776d5cdf
Cache Hit!
endProcessing "net/theexceptionist/coherentvillages/entity/ai/EntityAIAttackBackExclude.java"

startProcessing "net/theexceptionist/coherentvillages/entity/ai/EntityAIAttackWithBow.java" md5: 697ad65460f16bfd5b26d006d5a16577
Cache Hit!
endProcessing "net/theexceptionist/coherentvillages/entity/ai/EntityAIAttackWithBow.java"

startProcessing "net/theexceptionist/coherentvillages/entity/ai/EntityAIAttackWithMagic.java" md5: 61199259f19a440e17c1a7c73c0f4ff1
Cache Hit!
endProcessing "net/theexceptionist/coherentvillages/entity/ai/EntityAIAttackWithMagic.java"

startProcessing "net/theexceptionist/coherentvillages/entity/ai/EntityAIFollowEntity.java" md5: 1193f86420255526815cf0185f63ce0c
Cache Hit!
endProcessing "net/theexceptionist/coherentvillages/entity/ai/EntityAIFollowEntity.java"

startProcessing "net/theexceptionist/coherentvillages/entity/ai/EntityAIFollowMerchant.java" md5: 9a2870bce19342c09d5c0c13b4017252
Cache Hit!
endProcessing "net/theexceptionist/coherentvillages/entity/ai/EntityAIFollowMerchant.java"

startProcessing "net/theexceptionist/coherentvillages/entity/ai/EntityAIGuardArea.java" md5: 0f3eb60958a3b4b6f097130f6e626642
Cache Hit!
endProcessing "net/theexceptionist/coherentvillages/entity/ai/EntityAIGuardArea.java"

startProcessing "net/theexceptionist/coherentvillages/entity/ai/EntityAIGuardPost.java" md5: a8fff13458517563514b44251a7cadda
Cache Hit!
endProcessing "net/theexceptionist/coherentvillages/entity/ai/EntityAIGuardPost.java"

startProcessing "net/theexceptionist/coherentvillages/entity/ai/EntityAIHealAllies.java" md5: 04e006f8677e1e24e7ecfc12844cdeba
Cache Hit!
endProcessing "net/theexceptionist/coherentvillages/entity/ai/EntityAIHealAllies.java"

startProcessing "net/theexceptionist/coherentvillages/entity/ai/EntityAIMoveThroughOutskirts.java" md5: 6a07969eeb11bf61b52a354bf49704db
Cache Hit!
endProcessing "net/theexceptionist/coherentvillages/entity/ai/EntityAIMoveThroughOutskirts.java"

startProcessing "net/theexceptionist/coherentvillages/entity/ai/EntityAIPatrol.java" md5: d8fefdb6b038a7dde732f70f839581a5
Cache Hit!
endProcessing "net/theexceptionist/coherentvillages/entity/ai/EntityAIPatrol.java"

startProcessing "net/theexceptionist/coherentvillages/entity/ai/EntityAISearchHouse.java" md5: 0471d57b4f0f6525353a670b299f3b2e
Cache Hit!
endProcessing "net/theexceptionist/coherentvillages/entity/ai/EntityAISearchHouse.java"

startProcessing "net/theexceptionist/coherentvillages/entity/ai/EntityAIShareTarget.java" md5: d978747945791ce2f5bd86574d5a2e14
Cache Hit!
endProcessing "net/theexceptionist/coherentvillages/entity/ai/EntityAIShareTarget.java"

startProcessing "net/theexceptionist/coherentvillages/entity/ai/EntityAIUseLadder.java" md5: 3345081ec7b96b6fc7279f2804a5143c
Cache Hit!
endProcessing "net/theexceptionist/coherentvillages/entity/ai/EntityAIUseLadder.java"

startProcessing "net/theexceptionist/coherentvillages/entity/ai/IEntityFollower.java" md5: 336cf7bcbd282339f541a68734d1053f
Cache Hit!
endProcessing "net/theexceptionist/coherentvillages/entity/ai/IEntityFollower.java"

startProcessing "net/theexceptionist/coherentvillages/entity/ai/IVillagerGuard.java" md5: d70faf74828cb9a6f71b020a240194a8
Cache Hit!
endProcessing "net/theexceptionist/coherentvillages/entity/ai/IVillagerGuard.java"

startProcessing "net/theexceptionist/coherentvillages/entity/soldier/AbstractVillagerSoldier.java" md5: c3fade8eba99ba2efc3bc1ac7731b350
endProcessing "net/theexceptionist/coherentvillages/entity/soldier/AbstractVillagerSoldier.java"

startProcessing "net/theexceptionist/coherentvillages/entity/soldier/EntityVillagerGuard.java" md5: aab1c9334690599a05f40806b1b46755
endProcessing "net/theexceptionist/coherentvillages/entity/soldier/EntityVillagerGuard.java"

startProcessing "net/theexceptionist/coherentvillages/entity/soldier/EntityVillagerManAtArms.java" md5: fb09a11bde56688515be2e6e2dfcc551
Cache Hit!
endProcessing "net/theexceptionist/coherentvillages/entity/soldier/EntityVillagerManAtArms.java"

startProcessing "net/theexceptionist/coherentvillages/entity/soldier/EntityVillagerMilitia.java" md5: 938d6d784d75c1ffcab9dedca5dba3a8
Cache Hit!
endProcessing "net/theexceptionist/coherentvillages/entity/soldier/EntityVillagerMilitia.java"

startProcessing "net/theexceptionist/coherentvillages/entity/soldier/EntityVillagerPeasant.java" md5: 5789b641e103af75ecf1b4730becd9ec
Cache Hit!
endProcessing "net/theexceptionist/coherentvillages/entity/soldier/EntityVillagerPeasant.java"

startProcessing "net/theexceptionist/coherentvillages/entity/soldier/EntityVillagerSergeant.java" md5: cbf386fefe08108ef3a724f6882d6a9c
Cache Hit!
endProcessing "net/theexceptionist/coherentvillages/entity/soldier/EntityVillagerSergeant.java"

startProcessing "net/theexceptionist/coherentvillages/entity/soldier/EntityVillagerWarrior.java" md5: 1dd3d186e7dd81b7aef5be3839584da8
Cache Hit!
endProcessing "net/theexceptionist/coherentvillages/entity/soldier/EntityVillagerWarrior.java"

startProcessing "net/theexceptionist/coherentvillages/entity/soldier/ModelVillagerSoldier.java" md5: c78eaf4a91ca1a3005e4d76301026d2c
endProcessing "net/theexceptionist/coherentvillages/entity/soldier/ModelVillagerSoldier.java"

startProcessing "net/theexceptionist/coherentvillages/entity/soldier/RenderVillagerGuard.java" md5: 9a9b9035232e5c91d942f9afbccf04b5
Cache Hit!
endProcessing "net/theexceptionist/coherentvillages/entity/soldier/RenderVillagerGuard.java"

startProcessing "net/theexceptionist/coherentvillages/entity/soldier/RenderVillagerManAtArms.java" md5: d09785e1bd32bbf329b4fca5cb8bd4f0
Cache Hit!
endProcessing "net/theexceptionist/coherentvillages/entity/soldier/RenderVillagerManAtArms.java"

startProcessing "net/theexceptionist/coherentvillages/entity/soldier/RenderVillagerMilitia.java" md5: 1932558f2ab8b3eec54ce220221d67bd
Cache Hit!
endProcessing "net/theexceptionist/coherentvillages/entity/soldier/RenderVillagerMilitia.java"

startProcessing "net/theexceptionist/coherentvillages/entity/soldier/RenderVillagerPeasant.java" md5: 166fff6bd47a9a53a6922d00b6ed14a1
Cache Hit!
endProcessing "net/theexceptionist/coherentvillages/entity/soldier/RenderVillagerPeasant.java"

startProcessing "net/theexceptionist/coherentvillages/entity/soldier/RenderVillagerSergeant.java" md5: 8f26dd9ce30c638e9842bcdb288878fc
Cache Hit!
endProcessing "net/theexceptionist/coherentvillages/entity/soldier/RenderVillagerSergeant.java"

startProcessing "net/theexceptionist/coherentvillages/entity/soldier/RenderVillagerSoldier.java" md5: 575e31a8f9e88041a7019d7390ff0558
Cache Hit!
endProcessing "net/theexceptionist/coherentvillages/entity/soldier/RenderVillagerSoldier.java"

startProcessing "net/theexceptionist/coherentvillages/entity/soldier/RenderVillagerWarrior.java" md5: c14e26f7fee6d84aebd853be46b0ef37
Cache Hit!
endProcessing "net/theexceptionist/coherentvillages/entity/soldier/RenderVillagerWarrior.java"

startProcessing "net/theexceptionist/coherentvillages/events/EventOverrideMerchantSpawn.java" md5: a5b0bc7fb060f6cd5fe902bddf2ea0ec
Cache Hit!
endProcessing "net/theexceptionist/coherentvillages/events/EventOverrideMerchantSpawn.java"

startProcessing "net/theexceptionist/coherentvillages/events/EventOverrideVillages.java" md5: a15be5bba2cd41c9a719a1106c81d71f
endProcessing "net/theexceptionist/coherentvillages/events/EventOverrideVillages.java"

startProcessing "net/theexceptionist/coherentvillages/main/ClientProxy.java" md5: 20b0117282e5db288ee513cf5229b8e2
Cache Hit!
endProcessing "net/theexceptionist/coherentvillages/main/ClientProxy.java"

startProcessing "net/theexceptionist/coherentvillages/main/CommonProxy.java" md5: 447ee4503a0392ad627e9741cf15900b
Cache Hit!
endProcessing "net/theexceptionist/coherentvillages/main/CommonProxy.java"

startProcessing "net/theexceptionist/coherentvillages/main/Main.java" md5: 4eb91a7f233027375a2a8670893367d3
Cache Hit!
endProcessing "net/theexceptionist/coherentvillages/main/Main.java"

startProcessing "net/theexceptionist/coherentvillages/main/Resources.java" md5: ed3d159954a901fbfcc59ae8f6dc27d5
endProcessing "net/theexceptionist/coherentvillages/main/Resources.java"

startProcessing "net/theexceptionist/coherentvillages/worldgen/ModGenBiomeProcessor.java" md5: 794a459d747a2aecb561ad84bc369db0
Cache Hit!
endProcessing "net/theexceptionist/coherentvillages/worldgen/ModGenBiomeProcessor.java"

startProcessing "net/theexceptionist/coherentvillages/worldgen/ModMapVillageGen.java" md5: 9920ef32b26280cd7de52c78bc7e977d
Cache Hit!
endProcessing "net/theexceptionist/coherentvillages/worldgen/ModMapVillageGen.java"

startProcessing "net/theexceptionist/coherentvillages/worldgen/VillageComponentAlchemyHut.java" md5: 75057b346832fad250c468b754ef33c6
Cache Hit!
endProcessing "net/theexceptionist/coherentvillages/worldgen/VillageComponentAlchemyHut.java"

startProcessing "net/theexceptionist/coherentvillages/worldgen/VillageComponentBarrackSmall.java" md5: 7f1573fb8aa691ed705d99056a182317
Cache Hit!
endProcessing "net/theexceptionist/coherentvillages/worldgen/VillageComponentBarrackSmall.java"

startProcessing "net/theexceptionist/coherentvillages/worldgen/VillageComponentBarracks.java" md5: ce7402b9c0c13bbc59c4897f12ac145b
Cache Hit!
endProcessing "net/theexceptionist/coherentvillages/worldgen/VillageComponentBarracks.java"

startProcessing "net/theexceptionist/coherentvillages/worldgen/VillageComponentBigFarm.java" md5: 4f1731b97a609505cf8ff55b14336577
Cache Hit!
endProcessing "net/theexceptionist/coherentvillages/worldgen/VillageComponentBigFarm.java"

startProcessing "net/theexceptionist/coherentvillages/worldgen/VillageComponentFence.java" md5: ded661298d1684ff173d32b632f5aba2
Cache Hit!
endProcessing "net/theexceptionist/coherentvillages/worldgen/VillageComponentFence.java"

startProcessing "net/theexceptionist/coherentvillages/worldgen/VillageComponentGuardTower.java" md5: eac7720ff226d46ca905f078036ad8fb
Cache Hit!
endProcessing "net/theexceptionist/coherentvillages/worldgen/VillageComponentGuardTower.java"

startProcessing "net/theexceptionist/coherentvillages/worldgen/VillageComponentHunterHut.java" md5: d71d59f0f52ca2f7d09f8123ab118ce6
Cache Hit!
endProcessing "net/theexceptionist/coherentvillages/worldgen/VillageComponentHunterHut.java"

startProcessing "net/theexceptionist/coherentvillages/worldgen/VillageComponentInn.java" md5: f8fd6c6ec6cdad1a8c7928c10dfa38c2
Cache Hit!
endProcessing "net/theexceptionist/coherentvillages/worldgen/VillageComponentInn.java"

startProcessing "net/theexceptionist/coherentvillages/worldgen/VillageComponentSmallHouseWithDoor.java" md5: 3716750faead2c300542ac746cfc78ef
Cache Hit!
endProcessing "net/theexceptionist/coherentvillages/worldgen/VillageComponentSmallHouseWithDoor.java"

startProcessing "net/theexceptionist/coherentvillages/worldgen/VillageComponentStable.java" md5: ac78022a68ca4188c16018df13d8d950
Cache Hit!
endProcessing "net/theexceptionist/coherentvillages/worldgen/VillageComponentStable.java"

startProcessing "net/theexceptionist/coherentvillages/worldgen/VillageComponentVillageFort.java" md5: 6d629d1ed2c93c6eb656fecd4d24fcd3
Cache Hit!
endProcessing "net/theexceptionist/coherentvillages/worldgen/VillageComponentVillageFort.java"

startProcessing "net/theexceptionist/coherentvillages/worldgen/VillageComponentVillageWall.java" md5: c9d012279c6736fa5579c9d531a54d89
Cache Hit!
endProcessing "net/theexceptionist/coherentvillages/worldgen/VillageComponentVillageWall.java"

startProcessing "net/theexceptionist/coherentvillages/worldgen/VillageComponentWall.java" md5: 7424f8bde6274245100b2609cff6a290
Cache Hit!
endProcessing "net/theexceptionist/coherentvillages/worldgen/VillageComponentWall.java"

startProcessing "net/theexceptionist/coherentvillages/worldgen/VillageComponentWizardTower.java" md5: e4598003251a6a0b538b5d9e3a030f39
Cache Hit!
endProcessing "net/theexceptionist/coherentvillages/worldgen/VillageComponentWizardTower.java"

startProcessing "net/theexceptionist/coherentvillages/worldgen/VillageHandlerAlchemyHut.java" md5: dae6836744e2315019ae35725f868003
Cache Hit!
endProcessing "net/theexceptionist/coherentvillages/worldgen/VillageHandlerAlchemyHut.java"

startProcessing "net/theexceptionist/coherentvillages/worldgen/VillageHandlerBarracks.java" md5: 9902a83b8866eb559e52e3d9e5062f00
Cache Hit!
endProcessing "net/theexceptionist/coherentvillages/worldgen/VillageHandlerBarracks.java"

startProcessing "net/theexceptionist/coherentvillages/worldgen/VillageHandlerBarracksSmall.java" md5: 337d98e8f84c78fc483442ffb2a4927c
Cache Hit!
endProcessing "net/theexceptionist/coherentvillages/worldgen/VillageHandlerBarracksSmall.java"

startProcessing "net/theexceptionist/coherentvillages/worldgen/VillageHandlerBigFarm.java" md5: 165b69780b693972e2549b07562b896e
Cache Hit!
endProcessing "net/theexceptionist/coherentvillages/worldgen/VillageHandlerBigFarm.java"

startProcessing "net/theexceptionist/coherentvillages/worldgen/VillageHandlerFence.java" md5: a447204f163828639895d69d3be04df5
Cache Hit!
endProcessing "net/theexceptionist/coherentvillages/worldgen/VillageHandlerFence.java"

startProcessing "net/theexceptionist/coherentvillages/worldgen/VillageHandlerFort.java" md5: f2bae644afd7252c2a851ac69b684d43
Cache Hit!
endProcessing "net/theexceptionist/coherentvillages/worldgen/VillageHandlerFort.java"

startProcessing "net/theexceptionist/coherentvillages/worldgen/VillageHandlerGuardTower.java" md5: 1720b505e928b998bf0e1a24069a15b1
Cache Hit!
endProcessing "net/theexceptionist/coherentvillages/worldgen/VillageHandlerGuardTower.java"

startProcessing "net/theexceptionist/coherentvillages/worldgen/VillageHandlerHunterHut.java" md5: f613281d60128e830f0c381ecbe91f38
Cache Hit!
endProcessing "net/theexceptionist/coherentvillages/worldgen/VillageHandlerHunterHut.java"

startProcessing "net/theexceptionist/coherentvillages/worldgen/VillageHandlerInn.java" md5: 38d442a2894ee66029e5453291b16824
Cache Hit!
endProcessing "net/theexceptionist/coherentvillages/worldgen/VillageHandlerInn.java"

startProcessing "net/theexceptionist/coherentvillages/worldgen/VillageHandlerSmallHouseWithDoor.java" md5: 4dd8c194ab1e5d7b287a9f7eb61b7562
Cache Hit!
endProcessing "net/theexceptionist/coherentvillages/worldgen/VillageHandlerSmallHouseWithDoor.java"

startProcessing "net/theexceptionist/coherentvillages/worldgen/VillageHandlerStable.java" md5: 5497c93e2b0cba4bbd6b9544fe212bdc
Cache Hit!
endProcessing "net/theexceptionist/coherentvillages/worldgen/VillageHandlerStable.java"

startProcessing "net/theexceptionist/coherentvillages/worldgen/VillageHandlerWall.java" md5: c944285f28371f3870251e28aafa0825
Cache Hit!
endProcessing "net/theexceptionist/coherentvillages/worldgen/VillageHandlerWall.java"

startProcessing "net/theexceptionist/coherentvillages/worldgen/VillageHandlerWizardTower.java" md5: 737be1780ea7cacf267e937726f77b71
Cache Hit!
endProcessing "net/theexceptionist/coherentvillages/worldgen/VillageHandlerWizardTower.java"

