#
# A fatal error has been detected by the Java Runtime Environment:
#
#  SIGSEGV (0xb) at pc=0x0000000000000000, pid=17826, tid=0x0000000000011707
#
# JRE version: Java(TM) SE Runtime Environment (8.0_144-b01) (build 1.8.0_144-b01)
# Java VM: Java HotSpot(TM) 64-Bit Server VM (25.144-b01 mixed mode bsd-amd64 compressed oops)
# Problematic frame:
# C  0x0000000000000000
#
# Failed to write core dump. Core dumps have been disabled. To enable core dumping, try "ulimit -c unlimited" before starting Java again
#
# If you would like to submit a bug report, please visit:
#   http://bugreport.java.com/bugreport/crash.jsp
#

---------------  T H R E A D  ---------------

Current thread is native thread

siginfo: si_signo: 11 (SIGSEGV), si_code: 1 (SEGV_MAPERR), si_addr: 0x0000000000000000

Registers:
RAX=0x0000000129d26508, RBX=0x00000000000161b0, RCX=0x0000000000000010, RDX=0xfffffffffffffff0
RSP=0x00007000096419f8, RBP=0x0000700009641aa0, RSI=0x0000000000000000, RDI=0x00007f98baa08000
R8 =0x0000000000000200, R9 =0x00007f98b8ca9dd0, R10=0x00007f98b7f56430, R11=0x0000000002d1e390
R12=0x00007f98b8ca9dd0, R13=0x00007f98baa08000, R14=0x00007f98b5f8ba40, R15=0x0000000000000800
RIP=0x0000000000000000, EFLAGS=0x0000000000010246, ERR=0x0000000000000014
  TRAPNO=0x000000000000000e

Top of Stack: (sp=0x00007000096419f8)
0x00007000096419f8:   0000000129cf8639 0000000000000000
0x0000700009641a08:   0000000000000000 00007f98baa101b0
0x0000700009641a18:   00000001299a2010 00007f98baa0e1b0
0x0000700009641a28:   0000020000000000 0000000000000000
0x0000700009641a38:   0000000000000800 0000000000000200
0x0000700009641a48:   00007f98baa0c1b0 00007f98baa08000
0x0000700009641a58:   0000020000000000 fd00000070001000
0x0000700009641a68:   000000010000037f 11ef526e1f1c0011
0x0000700009641a78:   00007f98bcb6e328 00007f98b8ca9dd0
0x0000700009641a88:   00007f98bcb6e2b0 00007f98b5f8ba40
0x0000700009641a98:   0000000000000200 0000700009641ab0
0x0000700009641aa8:   0000000129d082ef 0000700009641b30
0x0000700009641ab8:   0000000133be34e8 00007f98bcb6e5b8
0x0000700009641ac8:   00007f98b7f56200 00007f98bcb6e2b0
0x0000700009641ad8:   0000020000000000 0000700009641c48
0x0000700009641ae8:   00007f98b7f563f8 0000020000000001
0x0000700009641af8:   0000700009641c30 0000700000000000
0x0000700009641b08:   0000700009641c30 00007f98b7f56200
0x0000700009641b18:   00007f98bcb6e540 00007f98bc862030
0x0000700009641b28:   0000000000000200 0000700009641b80
0x0000700009641b38:   0000000133d0dc54 00007f98bc86ba70
0x0000700009641b48:   0000700009641c48 0000000009641c20
0x0000700009641b58:   00007f98b7f56200 0000000000000000
0x0000700009641b68:   0000000000001fa0 00007f98bc86204c
0x0000700009641b78:   00007f98b7f56200 0000700009641c10
0x0000700009641b88:   0000000133d0d32a 00007f98bc862030
0x0000700009641b98:   0000000133d0d230 00007f98b7f564e8
0x0000700009641ba8:   0000700009641c30 00007f98b7f56200
0x0000700009641bb8:   00007f98bcb6e540 0000700009641c48
0x0000700009641bc8:   00007f98bc862030 00000200b7f564e8
0x0000700009641bd8:   00009fe000001fa0 11ef526e1f1c0011
0x0000700009641be8:   00007f98bc85b480 0000000000000200 

Instructions: (pc=0x0000000000000000)
0xffffffffffffffe0:   

Register to memory mapping:

RAX=0x0000000129d26508: PlaybackBackend+0x20 in /Users/kennethstepney/.gradle/caches/minecraft/net/minecraft/natives/1.12.2/openal.dylib at 0x0000000129cdd000
RBX=0x00000000000161b0 is an unknown value
RCX=0x0000000000000010 is an unknown value
RDX=0xfffffffffffffff0 is an unknown value
RSP=0x00007000096419f8 is an unknown value
RBP=0x0000700009641aa0 is an unknown value
RSI=0x0000000000000000 is an unknown value
RDI=0x00007f98baa08000 is an unknown value
R8 =0x0000000000000200 is an unknown value
R9 =0x00007f98b8ca9dd0 is an unknown value
R10=0x00007f98b7f56430 is an unknown value
R11=0x0000000002d1e390 is an unknown value
R12=0x00007f98b8ca9dd0 is an unknown value
R13=0x00007f98baa08000 is an unknown value
R14=0x00007f98b5f8ba40 is an unknown value
R15=0x0000000000000800 is an unknown value


Stack: [0x00007000095c2000,0x0000700009642000],  sp=0x00007000096419f8,  free space=510k

---------------  P R O C E S S  ---------------

VM state:at safepoint (shutting down)

VM Mutex/Monitor currently owned by a thread:  ([mutex/lock_event])
[0x00007f98b5e02300] Threads_lock - owner thread: 0x00007f98b7843800

Heap:
 PSYoungGen      total 640512K, used 56988K [0x0000000795580000, 0x00000007c0000000, 0x00000007c0000000)
  eden space 600576K, 2% used [0x0000000795580000,0x000000079662c428,0x00000007ba000000)
  from space 39936K, 99% used [0x00000007ba000000,0x00000007bc6fac88,0x00000007bc700000)
  to   space 55808K, 0% used [0x00000007bc980000,0x00000007bc980000,0x00000007c0000000)
 ParOldGen       total 194048K, used 137592K [0x0000000740000000, 0x000000074bd80000, 0x0000000795580000)
  object space 194048K, 70% used [0x0000000740000000,0x000000074865e318,0x000000074bd80000)
 Metaspace       used 47050K, capacity 47691K, committed 47960K, reserved 1091584K
  class space    used 6206K, capacity 6442K, committed 6528K, reserved 1048576K

Card table byte_map: [0x0000000111b67000,0x0000000111f68000] byte_map_base: 0x000000010e167000

Marking Bits: (ParMarkBitMap*) 0x00000001110f35d0
 Begin Bits: [0x0000000121abb000, 0x0000000123abb000)
 End Bits:   [0x0000000123abb000, 0x0000000125abb000)

Polling page: 0x000000010fe4d000

CodeCache: size=245760Kb used=18480Kb max_used=18495Kb free=227279Kb
 bounds [0x0000000112abb000, 0x0000000113ceb000, 0x0000000121abb000]
 total_blobs=6415 nmethods=5603 adapters=725
 compilation: enabled

Compilation events (10 events):
Event: 18.422 Thread 0x00007f98b6038800 7011       1       com.sun.jmx.mbeanserver.NamedObject::getName (5 bytes)
Event: 18.422 Thread 0x00007f98b6038800 nmethod 7011 0x0000000113cdb890 code [0x0000000113cdb9e0, 0x0000000113cdbaf0]
Event: 18.422 Thread 0x00007f98b6038800 7012  s    1       java.util.Hashtable::size (5 bytes)
Event: 18.422 Thread 0x00007f98b6038800 nmethod 7012 0x0000000113cdbb50 code [0x0000000113cdbca0, 0x0000000113cdbf10]
Event: 18.422 Thread 0x00007f98b6038800 7014       1       java.util.Hashtable$Entry::getKey (5 bytes)
Event: 18.422 Thread 0x00007f98b6038800 nmethod 7014 0x0000000113cdbf90 code [0x0000000113cdc0e0, 0x0000000113cdc1f0]
Event: 18.422 Thread 0x00007f98b6038800 7015       1       java.util.Hashtable$Entry::getValue (5 bytes)
Event: 18.423 Thread 0x00007f98b6038800 nmethod 7015 0x0000000113cdc250 code [0x0000000113cdc3a0, 0x0000000113cdc4b0]
Event: 18.451 Thread 0x00007f98b7815000 nmethod 6991 0x0000000113cdfe90 code [0x0000000113ce02e0, 0x0000000113ce2ea0]
Event: 18.451 Thread 0x00007f98b7815000 7002 %     4       org.apache.logging.log4j.core.pattern.MessagePatternConverter::format @ 88 (287 bytes)

GC Heap History (10 events):
Event: 9.587 GC heap before
{Heap before GC invocations=18 (full 2):
 PSYoungGen      total 389120K, used 319521K [0x0000000795580000, 0x00000007b7500000, 0x00000007c0000000)
  eden space 360448K, 82% used [0x0000000795580000,0x00000007a7978b90,0x00000007ab580000)
  from space 28672K, 71% used [0x00000007ab580000,0x00000007ac98f9f0,0x00000007ad180000)
  to   space 29696K, 0% used [0x00000007b5800000,0x00000007b5800000,0x00000007b7500000)
 ParOldGen       total 108032K, used 77901K [0x0000000740000000, 0x0000000746980000, 0x0000000795580000)
  object space 108032K, 72% used [0x0000000740000000,0x0000000744c13768,0x0000000746980000)
 Metaspace       used 36095K, capacity 36433K, committed 36628K, reserved 1081344K
  class space    used 4828K, capacity 4965K, committed 4992K, reserved 1048576K
Event: 9.637 GC heap after
Heap after GC invocations=18 (full 2):
 PSYoungGen      total 515584K, used 29671K [0x0000000795580000, 0x00000007b8580000, 0x00000007c0000000)
  eden space 485888K, 0% used [0x0000000795580000,0x0000000795580000,0x00000007b3000000)
  from space 29696K, 99% used [0x00000007b5800000,0x00000007b74f9ff8,0x00000007b7500000)
  to   space 40960K, 0% used [0x00000007b3000000,0x00000007b3000000,0x00000007b5800000)
 ParOldGen       total 108032K, used 98267K [0x0000000740000000, 0x0000000746980000, 0x0000000795580000)
  object space 108032K, 90% used [0x0000000740000000,0x0000000745ff6c10,0x0000000746980000)
 Metaspace       used 36095K, capacity 36433K, committed 36628K, reserved 1081344K
  class space    used 4828K, capacity 4965K, committed 4992K, reserved 1048576K
}
Event: 9.637 GC heap before
{Heap before GC invocations=19 (full 3):
 PSYoungGen      total 515584K, used 29671K [0x0000000795580000, 0x00000007b8580000, 0x00000007c0000000)
  eden space 485888K, 0% used [0x0000000795580000,0x0000000795580000,0x00000007b3000000)
  from space 29696K, 99% used [0x00000007b5800000,0x00000007b74f9ff8,0x00000007b7500000)
  to   space 40960K, 0% used [0x00000007b3000000,0x00000007b3000000,0x00000007b5800000)
 ParOldGen       total 108032K, used 98267K [0x0000000740000000, 0x0000000746980000, 0x0000000795580000)
  object space 108032K, 90% used [0x0000000740000000,0x0000000745ff6c10,0x0000000746980000)
 Metaspace       used 36095K, capacity 36433K, committed 36628K, reserved 1081344K
  class space    used 4828K, capacity 4965K, committed 4992K, reserved 1048576K
Event: 10.031 GC heap after
Heap after GC invocations=19 (full 3):
 PSYoungGen      total 515584K, used 13953K [0x0000000795580000, 0x00000007b8580000, 0x00000007c0000000)
  eden space 485888K, 0% used [0x0000000795580000,0x0000000795580000,0x00000007b3000000)
  from space 29696K, 46% used [0x00000007b5800000,0x00000007b65a0788,0x00000007b7500000)
  to   space 40960K, 0% used [0x00000007b3000000,0x00000007b3000000,0x00000007b5800000)
 ParOldGen       total 194048K, used 107646K [0x0000000740000000, 0x000000074bd80000, 0x0000000795580000)
  object space 194048K, 55% used [0x0000000740000000,0x000000074691f8c0,0x000000074bd80000)
 Metaspace       used 36095K, capacity 36433K, committed 36628K, reserved 1081344K
  class space    used 4828K, capacity 4965K, committed 4992K, reserved 1048576K
}
Event: 12.901 GC heap before
{Heap before GC invocations=20 (full 3):
 PSYoungGen      total 515584K, used 499841K [0x0000000795580000, 0x00000007b8580000, 0x00000007c0000000)
  eden space 485888K, 100% used [0x0000000795580000,0x00000007b3000000,0x00000007b3000000)
  from space 29696K, 46% used [0x00000007b5800000,0x00000007b65a0788,0x00000007b7500000)
  to   space 40960K, 0% used [0x00000007b3000000,0x00000007b3000000,0x00000007b5800000)
 ParOldGen       total 194048K, used 107646K [0x0000000740000000, 0x000000074bd80000, 0x0000000795580000)
  object space 194048K, 55% used [0x0000000740000000,0x000000074691f8c0,0x000000074bd80000)
 Metaspace       used 40891K, capacity 41361K, committed 41688K, reserved 1085440K
  class space    used 5398K, capacity 5543K, committed 5632K, reserved 1048576K
Event: 12.941 GC heap after
Heap after GC invocations=20 (full 3):
 PSYoungGen      total 526848K, used 17559K [0x0000000795580000, 0x00000007bfa80000, 0x00000007c0000000)
  eden space 485888K, 0% used [0x0000000795580000,0x0000000795580000,0x00000007b3000000)
  from space 40960K, 42% used [0x00000007b3000000,0x00000007b4125e18,0x00000007b5800000)
  to   space 38912K, 0% used [0x00000007bd480000,0x00000007bd480000,0x00000007bfa80000)
 ParOldGen       total 194048K, used 109637K [0x0000000740000000, 0x000000074bd80000, 0x0000000795580000)
  object space 194048K, 56% used [0x0000000740000000,0x0000000746b11578,0x000000074bd80000)
 Metaspace       used 40891K, capacity 41361K, committed 41688K, reserved 1085440K
  class space    used 5398K, capacity 5543K, committed 5632K, reserved 1048576K
}
Event: 16.021 GC heap before
{Heap before GC invocations=21 (full 3):
 PSYoungGen      total 526848K, used 503447K [0x0000000795580000, 0x00000007bfa80000, 0x00000007c0000000)
  eden space 485888K, 100% used [0x0000000795580000,0x00000007b3000000,0x00000007b3000000)
  from space 40960K, 42% used [0x00000007b3000000,0x00000007b4125e18,0x00000007b5800000)
  to   space 38912K, 0% used [0x00000007bd480000,0x00000007bd480000,0x00000007bfa80000)
 ParOldGen       total 194048K, used 109637K [0x0000000740000000, 0x000000074bd80000, 0x0000000795580000)
  object space 194048K, 56% used [0x0000000740000000,0x0000000746b11578,0x000000074bd80000)
 Metaspace       used 43060K, capacity 43559K, committed 43992K, reserved 1087488K
  class space    used 5622K, capacity 5816K, committed 5888K, reserved 1048576K
Event: 16.052 GC heap after
Heap after GC invocations=21 (full 3):
 PSYoungGen      total 588800K, used 26086K [0x0000000795580000, 0x00000007bee00000, 0x00000007c0000000)
  eden space 562688K, 0% used [0x0000000795580000,0x0000000795580000,0x00000007b7b00000)
  from space 26112K, 99% used [0x00000007bd480000,0x00000007bedf99c8,0x00000007bee00000)
  to   space 39936K, 0% used [0x00000007ba000000,0x00000007ba000000,0x00000007bc700000)
 ParOldGen       total 194048K, used 109645K [0x0000000740000000, 0x000000074bd80000, 0x0000000795580000)
  object space 194048K, 56% used [0x0000000740000000,0x0000000746b13578,0x000000074bd80000)
 Metaspace       used 43060K, capacity 43559K, committed 43992K, reserved 1087488K
  class space    used 5622K, capacity 5816K, committed 5888K, reserved 1048576K
}
Event: 18.202 GC heap before
{Heap before GC invocations=22 (full 3):
 PSYoungGen      total 588800K, used 588774K [0x0000000795580000, 0x00000007bee00000, 0x00000007c0000000)
  eden space 562688K, 100% used [0x0000000795580000,0x00000007b7b00000,0x00000007b7b00000)
  from space 26112K, 99% used [0x00000007bd480000,0x00000007bedf99c8,0x00000007bee00000)
  to   space 39936K, 0% used [0x00000007ba000000,0x00000007ba000000,0x00000007bc700000)
 ParOldGen       total 194048K, used 109645K [0x0000000740000000, 0x000000074bd80000, 0x0000000795580000)
  object space 194048K, 56% used [0x0000000740000000,0x0000000746b13578,0x000000074bd80000)
 Metaspace       used 47047K, capacity 47691K, committed 47960K, reserved 1091584K
  class space    used 6206K, capacity 6442K, committed 6528K, reserved 1048576K
Event: 18.415 GC heap after
Heap after GC invocations=22 (full 3):
 PSYoungGen      total 640512K, used 39915K [0x0000000795580000, 0x00000007c0000000, 0x00000007c0000000)
  eden space 600576K, 0% used [0x0000000795580000,0x0000000795580000,0x00000007ba000000)
  from space 39936K, 99% used [0x00000007ba000000,0x00000007bc6fac88,0x00000007bc700000)
  to   space 55808K, 0% used [0x00000007bc980000,0x00000007bc980000,0x00000007c0000000)
 ParOldGen       total 194048K, used 137592K [0x0000000740000000, 0x000000074bd80000, 0x0000000795580000)
  object space 194048K, 70% used [0x0000000740000000,0x000000074865e318,0x000000074bd80000)
 Metaspace       used 47047K, capacity 47691K, committed 47960K, reserved 1091584K
  class space    used 6206K, capacity 6442K, committed 6528K, reserved 1048576K
}

Deoptimization events (10 events):
Event: 17.501 Thread 0x00007f98b780a800 Uncommon trap: reason=unstable_if action=reinterpret pc=0x0000000113b7cee8 method=java.util.regex.Pattern.inRange(III)Z @ 2
Event: 17.501 Thread 0x00007f98b780a800 Uncommon trap: reason=unstable_if action=reinterpret pc=0x0000000113ab7104 method=java.util.Formatter$FormatSpecifier.conversion(Ljava/lang/String;)C @ 80
Event: 17.501 Thread 0x00007f98b780a800 Uncommon trap: reason=unstable_if action=reinterpret pc=0x0000000113b964e0 method=java.util.regex.Pattern.inRange(III)Z @ 2
Event: 17.501 Thread 0x00007f98b780a800 Uncommon trap: reason=unstable_if action=reinterpret pc=0x0000000113ac8fc4 method=java.util.Formatter$FormatSpecifier.conversion(Ljava/lang/String;)C @ 80
Event: 17.501 Thread 0x00007f98b780a800 Uncommon trap: reason=unstable_if action=reinterpret pc=0x0000000113aaee14 method=java.util.Formatter$FormatSpecifier.conversion(Ljava/lang/String;)C @ 80
Event: 17.759 Thread 0x00007f98b780a800 Uncommon trap: reason=unstable_if action=reinterpret pc=0x000000011361030c method=java.util.Arrays.hashCode([B)I @ 1
Event: 17.814 Thread 0x00007f98b780a800 Uncommon trap: reason=unstable_if action=reinterpret pc=0x0000000113c6b9dc method=org.objectweb.asm.MethodWriter.visitFieldInsn(ILjava/lang/String;Ljava/lang/String;Ljava/lang/String;)V @ 28
Event: 17.814 Thread 0x00007f98b780a800 Uncommon trap: reason=unstable_if action=reinterpret pc=0x0000000112c2ae08 method=org.objectweb.asm.MethodWriter.visitInsn(I)V @ 24
Event: 18.161 Thread 0x00007f98b780a800 Uncommon trap: reason=unstable_if action=reinterpret pc=0x0000000113a4272c method=java.lang.Long.getChars(JI[C)V @ 94
Event: 18.200 Thread 0x00007f98b780a800 Uncommon trap: reason=unstable_if action=reinterpret pc=0x0000000112f4d75c method=net.minecraftforge.fml.relauncher.FMLSecurityManager.checkPermission(Ljava/security/Permission;)V @ 23

Internal exceptions (10 events):
Event: 17.759 Thread 0x00007f98b780a800 Implicit null exception at 0x00000001136101ef to 0x00000001136102fd
Event: 18.092 Thread 0x00007f98b780a800 NullPointerException at vtable entry 0x0000000112bcbc30
Event: 18.093 Thread 0x00007f98b780a800 Exception <a 'java/lang/NullPointerException'> (0x00000007b5ce4f78) thrown at [/Users/java_re/workspace/8-2-build-macosx-x86_64/jdk8u144/9417/hotspot/src/share/vm/runtime/sharedRuntime.cpp, line 605]
Event: 18.094 Thread 0x00007f98b780a800 NullPointerException at vtable entry 0x0000000112bcbc30
Event: 18.094 Thread 0x00007f98b780a800 Exception <a 'java/lang/NullPointerException'> (0x00000007b5d3ae10) thrown at [/Users/java_re/workspace/8-2-build-macosx-x86_64/jdk8u144/9417/hotspot/src/share/vm/runtime/sharedRuntime.cpp, line 605]
Event: 18.144 Thread 0x00007f98b780a800 Exception <a 'java/lang/reflect/InvocationTargetException'> (0x00000007b73e7790) thrown at [/Users/java_re/workspace/8-2-build-macosx-x86_64/jdk8u144/9417/hotspot/src/share/vm/runtime/reflection.cpp, line 1092]
Event: 18.152 Thread 0x00007f98b780a800 Exception <a 'java/lang/reflect/InvocationTargetException'> (0x00000007b7403020) thrown at [/Users/java_re/workspace/8-2-build-macosx-x86_64/jdk8u144/9417/hotspot/src/share/vm/runtime/reflection.cpp, line 1092]
Event: 18.152 Thread 0x00007f98b780a800 Exception <a 'java/lang/reflect/InvocationTargetException'> (0x00000007b74051e0) thrown at [/Users/java_re/workspace/8-2-build-macosx-x86_64/jdk8u144/9417/hotspot/src/share/vm/runtime/reflection.cpp, line 1092]
Event: 18.161 Thread 0x00007f98b780a800 NullPointerException at vtable entry 0x0000000112bcbc30
Event: 18.161 Thread 0x00007f98b780a800 Exception <a 'java/lang/NullPointerException'> (0x00000007b7421490) thrown at [/Users/java_re/workspace/8-2-build-macosx-x86_64/jdk8u144/9417/hotspot/src/share/vm/runtime/sharedRuntime.cpp, line 605]

Events (10 events):
Event: 18.202 Thread 0x00007f98b7691000 Thread added: 0x00007f98b7691000
Event: 18.202 Thread 0x00007f98b7ab0000 Thread exited: 0x00007f98b7ab0000
Event: 18.202 Executing VM operation: ParallelGCFailedAllocation
Event: 18.415 Executing VM operation: ParallelGCFailedAllocation done
Event: 18.424 Thread 0x00007f98b7691000 Thread exited: 0x00007f98b7691000
Event: 18.424 Thread 0x00007f98bad44000 Thread added: 0x00007f98bad44000
Event: 18.425 Thread 0x00007f98b7691000 Thread added: 0x00007f98b7691000
Event: 18.454 Thread 0x00007f98bad44000 Thread exited: 0x00007f98bad44000
Event: 18.459 Thread 0x00007f98b681d800 Thread exited: 0x00007f98b681d800
Event: 18.459 Executing VM operation: Exit


Dynamic libraries:
0x0000000024e9e000 	/System/Library/Frameworks/Cocoa.framework/Versions/A/Cocoa
0x0000000024e9e000 	/System/Library/Frameworks/Security.framework/Versions/A/Security
0x0000000024e9e000 	/System/Library/Frameworks/ApplicationServices.framework/Versions/A/ApplicationServices
0x0000000024e9e000 	/usr/lib/libz.1.dylib
0x0000000024e9e000 	/usr/lib/libSystem.B.dylib
0x0000000024e9e000 	/usr/lib/libobjc.A.dylib
0x0000000024e9e000 	/System/Library/Frameworks/CoreFoundation.framework/Versions/A/CoreFoundation
0x0000000024e9e000 	/System/Library/Frameworks/Foundation.framework/Versions/C/Foundation
0x0000000024e9e000 	/System/Library/Frameworks/AppKit.framework/Versions/C/AppKit
0x0000000024e9e000 	/System/Library/Frameworks/CoreData.framework/Versions/A/CoreData
0x0000000024e9e000 	/System/Library/PrivateFrameworks/RemoteViewServices.framework/Versions/A/RemoteViewServices
0x0000000024e9e000 	/System/Library/PrivateFrameworks/UIFoundation.framework/Versions/A/UIFoundation
0x0000000024e9e000 	/System/Library/PrivateFrameworks/DFRFoundation.framework/Versions/A/DFRFoundation
0x0000000024e9e000 	/System/Library/Frameworks/Metal.framework/Versions/A/Metal
0x0000000024e9e000 	/System/Library/PrivateFrameworks/DesktopServicesPriv.framework/Versions/A/DesktopServicesPriv
0x0000000024e9e000 	/usr/lib/libenergytrace.dylib
0x0000000024e9e000 	/System/Library/PrivateFrameworks/SkyLight.framework/Versions/A/SkyLight
0x0000000024e9e000 	/System/Library/Frameworks/CoreGraphics.framework/Versions/A/CoreGraphics
0x0000000024e9e000 	/usr/lib/libScreenReader.dylib
0x0000000024e9e000 	/System/Library/Frameworks/Accelerate.framework/Versions/A/Accelerate
0x0000000024e9e000 	/System/Library/Frameworks/IOSurface.framework/Versions/A/IOSurface
0x0000000024e9e000 	/System/Library/Frameworks/AudioToolbox.framework/Versions/A/AudioToolbox
0x0000000024e9e000 	/System/Library/Frameworks/AudioUnit.framework/Versions/A/AudioUnit
0x0000000024e9e000 	/System/Library/PrivateFrameworks/DataDetectorsCore.framework/Versions/A/DataDetectorsCore
0x0000000024e9e000 	/System/Library/Frameworks/Carbon.framework/Versions/A/Frameworks/HIToolbox.framework/Versions/A/HIToolbox
0x0000000024e9e000 	/usr/lib/libicucore.A.dylib
0x0000000024e9e000 	/System/Library/Frameworks/QuartzCore.framework/Versions/A/QuartzCore
0x0000000024e9e000 	/System/Library/PrivateFrameworks/SignpostNotification.framework/Versions/A/SignpostNotification
0x0000000024e9e000 	/System/Library/Frameworks/Carbon.framework/Versions/A/Frameworks/SpeechRecognition.framework/Versions/A/SpeechRecognition
0x0000000024e9e000 	/usr/lib/libauto.dylib
0x0000000024e9e000 	/usr/lib/libxml2.2.dylib
0x0000000024e9e000 	/System/Library/PrivateFrameworks/CoreUI.framework/Versions/A/CoreUI
0x0000000024e9e000 	/System/Library/Frameworks/CoreAudio.framework/Versions/A/CoreAudio
0x0000000024e9e000 	/System/Library/Frameworks/DiskArbitration.framework/Versions/A/DiskArbitration
0x0000000024e9e000 	/usr/lib/liblangid.dylib
0x0000000024e9e000 	/System/Library/PrivateFrameworks/MultitouchSupport.framework/Versions/A/MultitouchSupport
0x0000000024e9e000 	/System/Library/Frameworks/IOKit.framework/Versions/A/IOKit
0x0000000024e9e000 	/usr/lib/libDiagnosticMessagesClient.dylib
0x0000000024e9e000 	/System/Library/Frameworks/CoreServices.framework/Versions/A/CoreServices
0x0000000024e9e000 	/System/Library/PrivateFrameworks/PerformanceAnalysis.framework/Versions/A/PerformanceAnalysis
0x0000000024e9e000 	/System/Library/Frameworks/OpenGL.framework/Versions/A/OpenGL
0x0000000024e9e000 	/System/Library/Frameworks/ColorSync.framework/Versions/A/ColorSync
0x0000000024e9e000 	/System/Library/Frameworks/CoreImage.framework/Versions/A/CoreImage
0x0000000024e9e000 	/System/Library/Frameworks/CoreText.framework/Versions/A/CoreText
0x0000000024e9e000 	/System/Library/Frameworks/ImageIO.framework/Versions/A/ImageIO
0x0000000024e9e000 	/System/Library/PrivateFrameworks/Backup.framework/Versions/A/Backup
0x0000000024e9e000 	/usr/lib/libarchive.2.dylib
0x0000000024e9e000 	/System/Library/Frameworks/CFNetwork.framework/Versions/A/CFNetwork
0x0000000024e9e000 	/System/Library/Frameworks/SystemConfiguration.framework/Versions/A/SystemConfiguration
0x0000000024e9e000 	/usr/lib/libCRFSuite.dylib
0x0000000024e9e000 	/usr/lib/libc++.1.dylib
0x0000000024e9e000 	/usr/lib/libc++abi.dylib
0x0000000024e9e000 	/usr/lib/system/libcache.dylib
0x0000000024e9e000 	/usr/lib/system/libcommonCrypto.dylib
0x0000000024e9e000 	/usr/lib/system/libcompiler_rt.dylib
0x0000000024e9e000 	/usr/lib/system/libcopyfile.dylib
0x0000000024e9e000 	/usr/lib/system/libcorecrypto.dylib
0x0000000024e9e000 	/usr/lib/system/libdispatch.dylib
0x0000000024e9e000 	/usr/lib/system/libdyld.dylib
0x0000000024e9e000 	/usr/lib/system/libkeymgr.dylib
0x0000000024e9e000 	/usr/lib/system/liblaunch.dylib
0x0000000024e9e000 	/usr/lib/system/libmacho.dylib
0x0000000024e9e000 	/usr/lib/system/libquarantine.dylib
0x0000000024e9e000 	/usr/lib/system/libremovefile.dylib
0x0000000024e9e000 	/usr/lib/system/libsystem_asl.dylib
0x0000000024e9e000 	/usr/lib/system/libsystem_blocks.dylib
0x0000000024e9e000 	/usr/lib/system/libsystem_c.dylib
0x0000000024e9e000 	/usr/lib/system/libsystem_configuration.dylib
0x0000000024e9e000 	/usr/lib/system/libsystem_coreservices.dylib
0x0000000024e9e000 	/usr/lib/system/libsystem_darwin.dylib
0x0000000024e9e000 	/usr/lib/system/libsystem_dnssd.dylib
0x0000000024e9e000 	/usr/lib/system/libsystem_info.dylib
0x0000000024e9e000 	/usr/lib/system/libsystem_m.dylib
0x0000000024e9e000 	/usr/lib/system/libsystem_malloc.dylib
0x0000000024e9e000 	/usr/lib/system/libsystem_network.dylib
0x0000000024e9e000 	/usr/lib/system/libsystem_networkextension.dylib
0x0000000024e9e000 	/usr/lib/system/libsystem_notify.dylib
0x0000000024e9e000 	/usr/lib/system/libsystem_sandbox.dylib
0x0000000024e9e000 	/usr/lib/system/libsystem_secinit.dylib
0x0000000024e9e000 	/usr/lib/system/libsystem_kernel.dylib
0x0000000024e9e000 	/usr/lib/system/libsystem_platform.dylib
0x0000000024e9e000 	/usr/lib/system/libsystem_pthread.dylib
0x0000000024e9e000 	/usr/lib/system/libsystem_symptoms.dylib
0x0000000024e9e000 	/usr/lib/system/libsystem_trace.dylib
0x0000000024e9e000 	/usr/lib/system/libunwind.dylib
0x0000000024e9e000 	/usr/lib/system/libxpc.dylib
0x0000000024e9e000 	/usr/lib/closure/libclosured.dylib
0x0000000024e9e000 	/usr/lib/libbsm.0.dylib
0x0000000024e9e000 	/usr/lib/system/libkxld.dylib
0x0000000024e9e000 	/usr/lib/libOpenScriptingUtil.dylib
0x0000000024e9e000 	/usr/lib/libcoretls.dylib
0x0000000024e9e000 	/usr/lib/libcoretls_cfhelpers.dylib
0x0000000024e9e000 	/usr/lib/libpam.2.dylib
0x0000000024e9e000 	/usr/lib/libsqlite3.dylib
0x0000000024e9e000 	/usr/lib/libxar.1.dylib
0x0000000024e9e000 	/usr/lib/libbz2.1.0.dylib
0x0000000024e9e000 	/usr/lib/liblzma.5.dylib
0x0000000024e9e000 	/usr/lib/libnetwork.dylib
0x0000000024e9e000 	/usr/lib/libapple_nghttp2.dylib
0x0000000024e9e000 	/usr/lib/libpcap.A.dylib
0x0000000024e9e000 	/usr/lib/libboringssl.dylib
0x0000000024e9e000 	/usr/lib/libusrtcp.dylib
0x0000000024e9e000 	/usr/lib/libapple_crypto.dylib
0x0000000024e9e000 	/System/Library/Frameworks/CoreServices.framework/Versions/A/Frameworks/FSEvents.framework/Versions/A/FSEvents
0x0000000024e9e000 	/System/Library/Frameworks/CoreServices.framework/Versions/A/Frameworks/CarbonCore.framework/Versions/A/CarbonCore
0x0000000024e9e000 	/System/Library/Frameworks/CoreServices.framework/Versions/A/Frameworks/Metadata.framework/Versions/A/Metadata
0x0000000024e9e000 	/System/Library/Frameworks/CoreServices.framework/Versions/A/Frameworks/OSServices.framework/Versions/A/OSServices
0x0000000024e9e000 	/System/Library/Frameworks/CoreServices.framework/Versions/A/Frameworks/SearchKit.framework/Versions/A/SearchKit
0x0000000024e9e000 	/System/Library/Frameworks/CoreServices.framework/Versions/A/Frameworks/AE.framework/Versions/A/AE
0x0000000024e9e000 	/System/Library/Frameworks/CoreServices.framework/Versions/A/Frameworks/LaunchServices.framework/Versions/A/LaunchServices
0x0000000024e9e000 	/System/Library/Frameworks/CoreServices.framework/Versions/A/Frameworks/DictionaryServices.framework/Versions/A/DictionaryServices
0x0000000024e9e000 	/System/Library/Frameworks/CoreServices.framework/Versions/A/Frameworks/SharedFileList.framework/Versions/A/SharedFileList
0x0000000024e9e000 	/System/Library/Frameworks/NetFS.framework/Versions/A/NetFS
0x0000000024e9e000 	/System/Library/PrivateFrameworks/NetAuth.framework/Versions/A/NetAuth
0x0000000024e9e000 	/System/Library/PrivateFrameworks/login.framework/Versions/A/Frameworks/loginsupport.framework/Versions/A/loginsupport
0x0000000024e9e000 	/System/Library/PrivateFrameworks/TCC.framework/Versions/A/TCC
0x0000000024e9e000 	/usr/lib/libmecabra.dylib
0x0000000024e9e000 	/System/Library/Frameworks/ApplicationServices.framework/Versions/A/Frameworks/ATS.framework/Versions/A/ATS
0x0000000024e9e000 	/System/Library/Frameworks/ApplicationServices.framework/Versions/A/Frameworks/ColorSyncLegacy.framework/Versions/A/ColorSyncLegacy
0x0000000024e9e000 	/System/Library/Frameworks/ApplicationServices.framework/Versions/A/Frameworks/HIServices.framework/Versions/A/HIServices
0x0000000024e9e000 	/System/Library/Frameworks/ApplicationServices.framework/Versions/A/Frameworks/LangAnalysis.framework/Versions/A/LangAnalysis
0x0000000024e9e000 	/System/Library/Frameworks/ApplicationServices.framework/Versions/A/Frameworks/PrintCore.framework/Versions/A/PrintCore
0x0000000024e9e000 	/System/Library/Frameworks/ApplicationServices.framework/Versions/A/Frameworks/QD.framework/Versions/A/QD
0x0000000024e9e000 	/System/Library/Frameworks/ApplicationServices.framework/Versions/A/Frameworks/SpeechSynthesis.framework/Versions/A/SpeechSynthesis
0x0000000024e9e000 	/System/Library/Frameworks/CoreDisplay.framework/Versions/A/CoreDisplay
0x0000000024e9e000 	/System/Library/Frameworks/Accelerate.framework/Versions/A/Frameworks/vImage.framework/Versions/A/vImage
0x0000000024e9e000 	/System/Library/Frameworks/Accelerate.framework/Versions/A/Frameworks/vecLib.framework/Versions/A/vecLib
0x0000000024e9e000 	/System/Library/Frameworks/Accelerate.framework/Versions/A/Frameworks/vecLib.framework/Versions/A/libvDSP.dylib
0x0000000024e9e000 	/System/Library/Frameworks/Accelerate.framework/Versions/A/Frameworks/vecLib.framework/Versions/A/libBNNS.dylib
0x0000000024e9e000 	/System/Library/Frameworks/Accelerate.framework/Versions/A/Frameworks/vecLib.framework/Versions/A/libQuadrature.dylib
0x0000000024e9e000 	/System/Library/Frameworks/Accelerate.framework/Versions/A/Frameworks/vecLib.framework/Versions/A/libvMisc.dylib
0x0000000024e9e000 	/System/Library/Frameworks/Accelerate.framework/Versions/A/Frameworks/vecLib.framework/Versions/A/libLAPACK.dylib
0x0000000024e9e000 	/System/Library/Frameworks/Accelerate.framework/Versions/A/Frameworks/vecLib.framework/Versions/A/libBLAS.dylib
0x0000000024e9e000 	/System/Library/Frameworks/Accelerate.framework/Versions/A/Frameworks/vecLib.framework/Versions/A/libLinearAlgebra.dylib
0x0000000024e9e000 	/System/Library/Frameworks/Accelerate.framework/Versions/A/Frameworks/vecLib.framework/Versions/A/libSparse.dylib
0x0000000024e9e000 	/System/Library/Frameworks/Accelerate.framework/Versions/A/Frameworks/vecLib.framework/Versions/A/libSparseBLAS.dylib
0x0000000024e9e000 	/System/Library/PrivateFrameworks/GPUWrangler.framework/Versions/A/GPUWrangler
0x0000000024e9e000 	/System/Library/PrivateFrameworks/IOAccelerator.framework/Versions/A/IOAccelerator
0x0000000024e9e000 	/System/Library/PrivateFrameworks/IOPresentment.framework/Versions/A/IOPresentment
0x0000000024e9e000 	/System/Library/PrivateFrameworks/DSExternalDisplay.framework/Versions/A/DSExternalDisplay
0x0000000024e9e000 	/System/Library/Frameworks/OpenGL.framework/Versions/A/Libraries/libCoreFSCache.dylib
0x0000000024e9e000 	/System/Library/Frameworks/CoreVideo.framework/Versions/A/CoreVideo
0x0000000024e9e000 	/System/Library/PrivateFrameworks/GraphVisualizer.framework/Versions/A/GraphVisualizer
0x0000000024e9e000 	/System/Library/Frameworks/MetalPerformanceShaders.framework/Versions/A/MetalPerformanceShaders
0x0000000024e9e000 	/usr/lib/libFosl_dynamic.dylib
0x0000000024e9e000 	/System/Library/PrivateFrameworks/FaceCore.framework/Versions/A/FaceCore
0x0000000024e9e000 	/System/Library/Frameworks/OpenCL.framework/Versions/A/OpenCL
0x0000000024e9e000 	/usr/lib/libcompression.dylib
0x0000000024e9e000 	/System/Library/Frameworks/ApplicationServices.framework/Versions/A/Frameworks/ATS.framework/Versions/A/Resources/libFontParser.dylib
0x0000000024e9e000 	/System/Library/Frameworks/ApplicationServices.framework/Versions/A/Frameworks/ATS.framework/Versions/A/Resources/libFontRegistry.dylib
0x0000000024e9e000 	/System/Library/Frameworks/ImageIO.framework/Versions/A/Resources/libJPEG.dylib
0x0000000024e9e000 	/System/Library/Frameworks/ImageIO.framework/Versions/A/Resources/libTIFF.dylib
0x0000000024e9e000 	/System/Library/Frameworks/ImageIO.framework/Versions/A/Resources/libPng.dylib
0x0000000024e9e000 	/System/Library/Frameworks/ImageIO.framework/Versions/A/Resources/libGIF.dylib
0x0000000024e9e000 	/System/Library/Frameworks/ImageIO.framework/Versions/A/Resources/libJP2.dylib
0x0000000024e9e000 	/System/Library/Frameworks/ImageIO.framework/Versions/A/Resources/libRadiance.dylib
0x0000000024e9e000 	/System/Library/PrivateFrameworks/AppleJPEG.framework/Versions/A/AppleJPEG
0x0000000024e9e000 	/System/Library/Frameworks/MetalPerformanceShaders.framework/Frameworks/MPSCore.framework/Versions/A/MPSCore
0x0000000024e9e000 	/System/Library/Frameworks/MetalPerformanceShaders.framework/Frameworks/MPSImage.framework/Versions/A/MPSImage
0x0000000024e9e000 	/System/Library/Frameworks/MetalPerformanceShaders.framework/Frameworks/MPSNeuralNetwork.framework/Versions/A/MPSNeuralNetwork
0x0000000024e9e000 	/System/Library/Frameworks/MetalPerformanceShaders.framework/Frameworks/MPSMatrix.framework/Versions/A/MPSMatrix
0x0000000024e9e000 	/System/Library/PrivateFrameworks/MetalTools.framework/Versions/A/MetalTools
0x0000000024e9e000 	/System/Library/Frameworks/OpenGL.framework/Versions/A/Libraries/libGLU.dylib
0x0000000024e9e000 	/System/Library/Frameworks/OpenGL.framework/Versions/A/Libraries/libGFXShared.dylib
0x0000000024e9e000 	/System/Library/Frameworks/OpenGL.framework/Versions/A/Libraries/libGL.dylib
0x0000000024e9e000 	/System/Library/Frameworks/OpenGL.framework/Versions/A/Libraries/libGLImage.dylib
0x0000000024e9e000 	/System/Library/Frameworks/OpenGL.framework/Versions/A/Libraries/libCVMSPluginSupport.dylib
0x0000000024e9e000 	/System/Library/Frameworks/OpenGL.framework/Versions/A/Libraries/libCoreVMClient.dylib
0x0000000024e9e000 	/usr/lib/libcups.2.dylib
0x0000000024e9e000 	/System/Library/Frameworks/Kerberos.framework/Versions/A/Kerberos
0x0000000024e9e000 	/System/Library/Frameworks/GSS.framework/Versions/A/GSS
0x0000000024e9e000 	/usr/lib/libresolv.9.dylib
0x0000000024e9e000 	/usr/lib/libiconv.2.dylib
0x0000000024e9e000 	/System/Library/PrivateFrameworks/Heimdal.framework/Versions/A/Heimdal
0x0000000024e9e000 	/usr/lib/libheimdal-asn1.dylib
0x0000000024e9e000 	/System/Library/Frameworks/OpenDirectory.framework/Versions/A/OpenDirectory
0x0000000024e9e000 	/System/Library/PrivateFrameworks/CommonAuth.framework/Versions/A/CommonAuth
0x0000000024e9e000 	/System/Library/Frameworks/OpenDirectory.framework/Versions/A/Frameworks/CFOpenDirectory.framework/Versions/A/CFOpenDirectory
0x0000000024e9e000 	/System/Library/Frameworks/SecurityFoundation.framework/Versions/A/SecurityFoundation
0x0000000024e9e000 	/System/Library/PrivateFrameworks/APFS.framework/Versions/A/APFS
0x0000000024e9e000 	/usr/lib/libutil.dylib
0x0000000024e9e000 	/System/Library/PrivateFrameworks/AppleSauce.framework/Versions/A/AppleSauce
0x0000000024e9e000 	/System/Library/PrivateFrameworks/LinguisticData.framework/Versions/A/LinguisticData
0x0000000024e9e000 	/usr/lib/libmarisa.dylib
0x0000000024e9e000 	/System/Library/PrivateFrameworks/Lexicon.framework/Versions/A/Lexicon
0x0000000024e9e000 	/usr/lib/libChineseTokenizer.dylib
0x0000000024e9e000 	/usr/lib/libcmph.dylib
0x0000000024e9e000 	/System/Library/PrivateFrameworks/LanguageModeling.framework/Versions/A/LanguageModeling
0x0000000024e9e000 	/System/Library/PrivateFrameworks/CoreEmoji.framework/Versions/A/CoreEmoji
0x0000000024e9e000 	/System/Library/Frameworks/ServiceManagement.framework/Versions/A/ServiceManagement
0x0000000024e9e000 	/System/Library/PrivateFrameworks/BackgroundTaskManagement.framework/Versions/A/BackgroundTaskManagement
0x0000000024e9e000 	/usr/lib/libxslt.1.dylib
0x0000000024e9e000 	/System/Library/Frameworks/Carbon.framework/Versions/A/Frameworks/Ink.framework/Versions/A/Ink
0x0000000024e9e000 	/System/Library/PrivateFrameworks/TextureIO.framework/Versions/A/TextureIO
0x0000000024e9e000 	/usr/lib/libate.dylib
0x0000000024e9e000 	/System/Library/PrivateFrameworks/CrashReporterSupport.framework/Versions/A/CrashReporterSupport
0x0000000024e9e000 	/System/Library/PrivateFrameworks/Sharing.framework/Versions/A/Sharing
0x0000000024e9e000 	/System/Library/PrivateFrameworks/IconServices.framework/Versions/A/IconServices
0x0000000024e9e000 	/System/Library/PrivateFrameworks/AuthKit.framework/Versions/A/AuthKit
0x0000000024e9e000 	/System/Library/PrivateFrameworks/Apple80211.framework/Versions/A/Apple80211
0x0000000024e9e000 	/System/Library/PrivateFrameworks/CoreUtils.framework/Versions/A/CoreUtils
0x0000000024e9e000 	/System/Library/Frameworks/CoreWLAN.framework/Versions/A/CoreWLAN
0x0000000024e9e000 	/System/Library/Frameworks/IOBluetooth.framework/Versions/A/IOBluetooth
0x0000000024e9e000 	/System/Library/PrivateFrameworks/ProtocolBuffer.framework/Versions/A/ProtocolBuffer
0x0000000024e9e000 	/System/Library/PrivateFrameworks/MobileKeyBag.framework/Versions/A/MobileKeyBag
0x0000000024e9e000 	/System/Library/PrivateFrameworks/CorePhoneNumbers.framework/Versions/A/CorePhoneNumbers
0x0000000024e9e000 	/System/Library/PrivateFrameworks/AppleIDAuthSupport.framework/Versions/A/AppleIDAuthSupport
0x0000000024e9e000 	/System/Library/PrivateFrameworks/KeychainCircle.framework/Versions/A/KeychainCircle
0x0000000024e9e000 	/System/Library/PrivateFrameworks/CoreWiFi.framework/Versions/A/CoreWiFi
0x0000000024e9e000 	/System/Library/Frameworks/CoreBluetooth.framework/Versions/A/CoreBluetooth
0x0000000024e9e000 	/System/Library/PrivateFrameworks/DebugSymbols.framework/Versions/A/DebugSymbols
0x0000000024e9e000 	/System/Library/PrivateFrameworks/CoreSymbolication.framework/Versions/A/CoreSymbolication
0x0000000024e9e000 	/System/Library/PrivateFrameworks/Symbolication.framework/Versions/A/Symbolication
0x0000000024e9e000 	/System/Library/PrivateFrameworks/AppleFSCompression.framework/Versions/A/AppleFSCompression
0x0000000024e9e000 	/System/Library/PrivateFrameworks/SpeechRecognitionCore.framework/Versions/A/SpeechRecognitionCore
0x0000000110800000 	/Library/Java/JavaVirtualMachines/jdk1.8.0_144.jdk/Contents/Home/jre/lib/server/libjvm.dylib
0x0000000024e9e000 	/usr/lib/libstdc++.6.0.9.dylib
0x000000010fe0a000 	/Library/Java/JavaVirtualMachines/jdk1.8.0_144.jdk/Contents/Home/jre/lib/libverify.dylib
0x000000010fe18000 	/Library/Java/JavaVirtualMachines/jdk1.8.0_144.jdk/Contents/Home/jre/lib/libjava.dylib
0x000000010fe97000 	/Library/Java/JavaVirtualMachines/jdk1.8.0_144.jdk/Contents/Home/jre/lib/libzip.dylib
0x0000000024e9e000 	/System/Library/Frameworks/JavaVM.framework/Versions/A/Frameworks/JavaRuntimeSupport.framework/Versions/A/JavaRuntimeSupport
0x0000000024e9e000 	/System/Library/Frameworks/JavaVM.framework/Versions/A/Frameworks/JavaNativeFoundation.framework/Versions/A/JavaNativeFoundation
0x0000000024e9e000 	/System/Library/Frameworks/JavaVM.framework/Versions/A/JavaVM
0x0000000024e9e000 	/System/Library/Frameworks/Carbon.framework/Versions/A/Carbon
0x0000000024e9e000 	/System/Library/PrivateFrameworks/JavaLaunching.framework/Versions/A/JavaLaunching
0x0000000024e9e000 	/System/Library/Frameworks/Carbon.framework/Versions/A/Frameworks/CommonPanels.framework/Versions/A/CommonPanels
0x0000000024e9e000 	/System/Library/Frameworks/Carbon.framework/Versions/A/Frameworks/Help.framework/Versions/A/Help
0x0000000024e9e000 	/System/Library/Frameworks/Carbon.framework/Versions/A/Frameworks/ImageCapture.framework/Versions/A/ImageCapture
0x0000000024e9e000 	/System/Library/Frameworks/Carbon.framework/Versions/A/Frameworks/OpenScripting.framework/Versions/A/OpenScripting
0x0000000024e9e000 	/System/Library/Frameworks/Carbon.framework/Versions/A/Frameworks/Print.framework/Versions/A/Print
0x0000000024e9e000 	/System/Library/Frameworks/Carbon.framework/Versions/A/Frameworks/SecurityHI.framework/Versions/A/SecurityHI
0x0000000128ff0000 	/Library/Java/JavaVirtualMachines/jdk1.8.0_144.jdk/Contents/Home/jre/lib/libmanagement.dylib
0x00000001292ad000 	/Library/Java/JavaVirtualMachines/jdk1.8.0_144.jdk/Contents/Home/jre/lib/libnet.dylib
0x000000012956e000 	/Library/Java/JavaVirtualMachines/jdk1.8.0_144.jdk/Contents/Home/jre/lib/libnio.dylib
0x00000001299ce000 	/private/var/folders/rb/5vr3ncfx4y3_r9jcrd1h989m0000gn/T/jna-479689655/jna6413979223443000715.tmp
0x000000012ae93000 	/Library/Java/JavaVirtualMachines/jdk1.8.0_144.jdk/Contents/Home/jre/lib/libawt.dylib
0x000000012af3b000 	/Library/Java/JavaVirtualMachines/jdk1.8.0_144.jdk/Contents/Home/jre/lib/./libmlib_image.dylib
0x000000012b007000 	/Library/Java/JavaVirtualMachines/jdk1.8.0_144.jdk/Contents/Home/jre/lib/libawt_lwawt.dylib
0x0000000129000000 	/Library/Java/JavaVirtualMachines/jdk1.8.0_144.jdk/Contents/Home/jre/lib/./libosxapp.dylib
0x0000000024e9e000 	/System/Library/Frameworks/ExceptionHandling.framework/Versions/A/ExceptionHandling
0x0000000024e9e000 	/System/Library/PrivateFrameworks/CoreServicesInternal.framework/Versions/A/CoreServicesInternal
0x0000000024e9e000 	/System/Library/CoreServices/RawCamera.bundle/Contents/MacOS/RawCamera
0x0000000024e9e000 	/System/Library/PrivateFrameworks/MobileAsset.framework/Versions/A/MobileAsset
0x0000000024e9e000 	/System/Library/PrivateFrameworks/StreamingZip.framework/Versions/A/StreamingZip
0x0000000024e9e000 	/System/Library/Frameworks/MediaToolbox.framework/Versions/A/MediaToolbox
0x0000000024e9e000 	/System/Library/PrivateFrameworks/CoreAVCHD.framework/Versions/A/CoreAVCHD
0x0000000024e9e000 	/System/Library/Frameworks/MediaAccessibility.framework/Versions/A/MediaAccessibility
0x0000000024e9e000 	/System/Library/PrivateFrameworks/Mangrove.framework/Versions/A/Mangrove
0x0000000024e9e000 	/System/Library/Frameworks/CoreMedia.framework/Versions/A/CoreMedia
0x0000000024e9e000 	/System/Library/Frameworks/VideoToolbox.framework/Versions/A/VideoToolbox
0x0000000024e9e000 	/System/Library/PrivateFrameworks/CoreAUC.framework/Versions/A/CoreAUC
0x0000000024e9e000 	/usr/lib/libspindump.dylib
0x0000000024e9e000 	/System/Library/PrivateFrameworks/AppleVA.framework/Versions/A/AppleVA
0x0000000024e9e000 	/System/Library/Frameworks/Accelerate.framework/Versions/A/Frameworks/vImage.framework/Versions/A/Libraries/libCGInterfaces.dylib
0x0000000024e9e000 	/System/Library/Frameworks/ApplicationServices.framework/Versions/A/Frameworks/ATS.framework/Versions/A/Resources/libTrueTypeScaler.dylib
0x0000000024e9e000 	/System/Library/Extensions/AppleIntelKBLGraphicsMTLDriver.bundle/Contents/MacOS/AppleIntelKBLGraphicsMTLDriver
0x0000000024e9e000 	/System/Library/PrivateFrameworks/GPUCompiler.framework/Versions/3802/Libraries/libmetal_timestamp.dylib
0x0000000024e9e000 	/System/Library/PrivateFrameworks/FamilyControls.framework/Versions/A/FamilyControls
0x0000000024e9e000 	/System/Library/PrivateFrameworks/CommerceKit.framework/Versions/A/Frameworks/CommerceCore.framework/Versions/A/CommerceCore
0x0000000024e9e000 	/System/Library/PrivateFrameworks/SystemAdministration.framework/Versions/A/SystemAdministration
0x0000000024e9e000 	/System/Library/PrivateFrameworks/AppContainer.framework/Versions/A/AppContainer
0x0000000024e9e000 	/System/Library/PrivateFrameworks/SecCodeWrapper.framework/Versions/A/SecCodeWrapper
0x0000000024e9e000 	/System/Library/PrivateFrameworks/DiskManagement.framework/Versions/A/DiskManagement
0x0000000024e9e000 	/System/Library/Frameworks/DirectoryService.framework/Versions/A/DirectoryService
0x0000000024e9e000 	/System/Library/PrivateFrameworks/DiskImages.framework/Versions/A/DiskImages
0x0000000024e9e000 	/System/Library/PrivateFrameworks/LoginUIKit.framework/Versions/A/Frameworks/LoginUICore.framework/Versions/A/LoginUICore
0x0000000024e9e000 	/usr/lib/libCoreStorage.dylib
0x0000000024e9e000 	/usr/lib/libcsfde.dylib
0x0000000024e9e000 	/usr/lib/libodfde.dylib
0x0000000024e9e000 	/System/Library/PrivateFrameworks/MediaKit.framework/Versions/A/MediaKit
0x0000000024e9e000 	/System/Library/Frameworks/DiscRecording.framework/Versions/A/DiscRecording
0x0000000024e9e000 	/System/Library/PrivateFrameworks/EFILogin.framework/Versions/A/EFILogin
0x0000000024e9e000 	/System/Library/PrivateFrameworks/ProtectedCloudStorage.framework/Versions/A/ProtectedCloudStorage
0x0000000024e9e000 	/usr/lib/libcurl.4.dylib
0x0000000024e9e000 	/usr/lib/libcrypto.35.dylib
0x0000000024e9e000 	/usr/lib/libssl.35.dylib
0x0000000024e9e000 	/System/Library/Frameworks/LDAP.framework/Versions/A/LDAP
0x0000000024e9e000 	/System/Library/PrivateFrameworks/TrustEvaluationAgent.framework/Versions/A/TrustEvaluationAgent
0x0000000024e9e000 	/usr/lib/libsasl2.2.dylib
0x0000000024e9e000 	/System/Library/PrivateFrameworks/CoreDaemon.framework/Versions/B/CoreDaemon
0x0000000024e9e000 	/System/Library/PrivateFrameworks/AppleSRP.framework/Versions/A/AppleSRP
0x000000012d6f5000 	/Library/Java/JavaVirtualMachines/jdk1.8.0_144.jdk/Contents/Home/jre/lib/libfontmanager.dylib
0x000000012d75c000 	/Users/kennethstepney/.gradle/caches/minecraft/net/minecraft/natives/1.12.2/liblwjgl.dylib
0x00000001292a4000 	/Library/Java/JavaVirtualMachines/jdk1.8.0_144.jdk/Contents/Home/jre/lib/libjawt.dylib
0x0000000024e9e000 	/System/Library/PrivateFrameworks/ViewBridge.framework/Versions/A/ViewBridge
0x0000000024e9e000 	/System/Library/Frameworks/OpenGL.framework/Versions/A/Resources/GLEngine.bundle/GLEngine
0x0000000024e9e000 	/System/Library/Frameworks/OpenGL.framework/Versions/A/Libraries/libGLProgrammability.dylib
0x000000012e499000 	/System/Library/Extensions/AppleIntelKBLGraphicsGLDriver.bundle/Contents/MacOS/AppleIntelKBLGraphicsGLDriver
0x0000000024e9e000 	/System/Library/PrivateFrameworks/GPUSupport.framework/Versions/A/Libraries/libGPUSupportMercury.dylib
0x0000000024e9e000 	/System/Library/Frameworks/OpenGL.framework/Versions/A/Resources/GLRendererFloat.bundle/GLRendererFloat
0x0000000024e9e000 	/System/Library/Frameworks/OpenCL.framework/Versions/A/Libraries/libcldcpuengine.dylib
0x0000000129cdd000 	/Users/kennethstepney/.gradle/caches/minecraft/net/minecraft/natives/1.12.2/openal.dylib
0x0000000133be0000 	/System/Library/Components/CoreAudio.component/Contents/MacOS/CoreAudio
0x00000001290eb000 	/System/Library/Extensions/AppleHDA.kext/Contents/PlugIns/AppleHDAHALPlugIn.bundle/Contents/MacOS/AppleHDAHALPlugIn

VM Arguments:
jvm_args: -Dfile.encoding=UTF-8 -Duser.country=US -Duser.language=en -Duser.variant 
java_command: GradleStart
java_class_path (initial): /Users/kennethstepney/.gradle/caches/minecraft/deobfedDeps/compileDummy.jar:/Users/kennethstepney/.gradle/caches/minecraft/deobfedDeps/providedDummy.jar:/Users/kennethstepney/.gradle/caches/minecraft/net/minecraftforge/forge/1.12.2-14.23.4.2757/snapshot/20171003/forgeSrc-1.12.2-14.23.4.2757.jar:/Users/kennethstepney/.gradle/caches/modules-2/files-2.1/com.google.code.findbugs/jsr305/3.0.1/f7be08ec23c21485b9b5a1cf1654c2ec8c58168d/jsr305-3.0.1.jar:/Users/kennethstepney/.gradle/caches/modules-2/files-2.1/com.mojang/patchy/1.1/aef610b34a1be37fa851825f12372b78424d8903/patchy-1.1.jar:/Users/kennethstepney/.gradle/caches/modules-2/files-2.1/oshi-project/oshi-core/1.1/9ddf7b048a8d701be231c0f4f95fd986198fd2d8/oshi-core-1.1.jar:/Users/kennethstepney/.gradle/caches/modules-2/files-2.1/net.java.dev.jna/jna/4.4.0/cb208278274bf12ebdb56c61bd7407e6f774d65a/jna-4.4.0.jar:/Users/kennethstepney/.gradle/caches/modules-2/files-2.1/net.java.dev.jna/platform/3.4.0/e3f70017be8100d3d6923f50b3d2ee17714e9c13/platform-3.4.0.jar:/Users/kennethstepney/.gradle/caches/modules-2/files-2.1/com.ibm.icu/icu4j-core-mojang/51.2/63d216a9311cca6be337c1e458e587f99d382b84/icu4j-core-mojang-51.2.jar:/Users/kennethstepney/.gradle/caches/modules-2/files-2.1/net.sf.jopt-simple/jopt-simple/5.0.3/cdd846cfc4e0f7eefafc02c0f5dce32b9303aa2a/jopt-simple-5.0.3.jar:/Users/kennethstepney/.gradle/caches/modules-2/files-2.1/io.netty/netty-all/4.1.9.Final/97860965d6a0a6b98e7f569f3f966727b8db75/netty-all-4.1.9.Final.jar:/Users/kennethstepney/.gradle/caches/modules-2/files-2.1/com.google.guava/guava/21.0/3a3d111be1be1b745edfa7d91678a12d7ed38709/guava-21.0.jar:/Users/kennethstepney/.gradle/caches/modules-2/files-2.1/org.apache.commons/commons-lang3/3.5/6c6c702c89bfff3cd9e80b04d668c5e190d588c6/commons-lang3-3.5.jar:/Users/kennethstepney/.gradle/caches/modules-2/files-2.1/commons-io/commons-io/2.5/2852e6e05fbb95076fc091f6d1780f1f8fe35e0f/commons-io-2.5.jar:/Users/kennethstepney/.gradle/caches/modules-
Launcher Type: SUN_STANDARD

Environment Variables:
PATH=/Users/kennethstepney/.rvm/gems/ruby-2.4.2/bin:/Users/kennethstepney/.rvm/gems/ruby-2.4.2@global/bin:/Users/kennethstepney/.rvm/rubies/ruby-2.4.2/bin:/usr/local/bin:/usr/bin:/bin:/usr/sbin:/sbin:/usr/local/Cellar/qemu/3.0.0/bin:/usr/local/share/dotnet:/Library/Frameworks/Mono.framework/Versions/Current/Commands:/Users/kennethstepney/.rvm/bin
SHELL=/bin/bash

Signal Handlers:
SIGSEGV: [libjvm.dylib+0x5b26e5], sa_mask[0]=11111111011111110111111111111111, sa_flags=SA_ONSTACK|SA_RESTART|SA_SIGINFO
SIGBUS: [libjvm.dylib+0x5b26e5], sa_mask[0]=11111111011111110111111111111111, sa_flags=SA_RESTART|SA_SIGINFO
SIGFPE: [libjvm.dylib+0x489100], sa_mask[0]=11111111011111110111111111111111, sa_flags=SA_RESTART|SA_SIGINFO
SIGPIPE: [libjvm.dylib+0x489100], sa_mask[0]=11111111011111110111111111111111, sa_flags=SA_RESTART|SA_SIGINFO
SIGXFSZ: [libjvm.dylib+0x489100], sa_mask[0]=11111111011111110111111111111111, sa_flags=SA_RESTART|SA_SIGINFO
SIGILL: [libjvm.dylib+0x489100], sa_mask[0]=11111111011111110111111111111111, sa_flags=SA_RESTART|SA_SIGINFO
SIGUSR1: SIG_DFL, sa_mask[0]=11011111011111100000000111000110, sa_flags=none
SIGUSR2: [libjvm.dylib+0x488c1e], sa_mask[0]=00100000000000000000000000000000, sa_flags=SA_RESTART|SA_SIGINFO
SIGHUP: [libjvm.dylib+0x4871f5], sa_mask[0]=11111111011111110111111111111111, sa_flags=SA_RESTART|SA_SIGINFO
SIGINT: [libjvm.dylib+0x4871f5], sa_mask[0]=11111111011111110111111111111111, sa_flags=SA_RESTART|SA_SIGINFO
SIGTERM: [libjvm.dylib+0x4871f5], sa_mask[0]=11111111011111110111111111111111, sa_flags=SA_RESTART|SA_SIGINFO
SIGQUIT: [libjvm.dylib+0x4871f5], sa_mask[0]=11111111011111110111111111111111, sa_flags=SA_RESTART|SA_SIGINFO


---------------  S Y S T E M  ---------------

OS:Bsduname:Darwin 17.7.0 Darwin Kernel Version 17.7.0: Thu Jun 21 22:53:14 PDT 2018; root:xnu-4570.71.2~1/RELEASE_X86_64 x86_64
rlimit: STACK 8192k, CORE 0k, NPROC 709, NOFILE 10240, AS infinity
load average:4.12 3.85 3.19

CPU:total 4 (initial active 4) (2 cores per cpu, 2 threads per core) family 6 model 142 stepping 9, cmov, cx8, fxsr, mmx, sse, sse2, sse3, ssse3, sse4.1, sse4.2, popcnt, avx, avx2, aes, clmul, erms, rtm, 3dnowpref, lzcnt, ht, tsc, tscinvbit, bmi1, bmi2, adx

Memory: 4k page, physical 8388608k(16728k free)

/proc/meminfo:


vm_info: Java HotSpot(TM) 64-Bit Server VM (25.144-b01) for bsd-amd64 JRE (1.8.0_144-b01), built on Jul 21 2017 22:07:42 by "java_re" with gcc 4.2.1 (Based on Apple Inc. build 5658) (LLVM build 2336.11.00)

time: Sat Sep 22 14:12:16 2018
elapsed time: 18 seconds (0d 0h 0m 18s)

